[0.121s] DEBUG:colcon:Command line arguments: ['/usr/bin/colcon', 'build']
[0.121s] DEBUG:colcon:Parsed command line arguments: Namespace(log_base=None, log_level=None, verb_name='build', build_base='build', install_base='install', merge_install=False, symlink_install=False, test_result_base=None, continue_on_error=False, executor='parallel', parallel_workers=8, event_handlers=None, ignore_user_meta=False, metas=['./colcon.meta'], base_paths=['.'], packages_ignore=None, packages_ignore_regex=None, paths=None, packages_up_to=None, packages_up_to_regex=None, packages_above=None, packages_above_and_dependencies=None, packages_above_depth=None, packages_select_by_dep=None, packages_skip_by_dep=None, packages_skip_up_to=None, packages_select_build_failed=False, packages_skip_build_finished=False, packages_select_test_failures=False, packages_skip_test_passed=False, packages_select=None, packages_skip=None, packages_select_regex=None, packages_skip_regex=None, packages_start=None, packages_end=None, allow_overriding=[], cmake_args=None, cmake_target=None, cmake_target_skip_unavailable=False, cmake_clean_cache=False, cmake_clean_first=False, cmake_force_configure=False, ament_cmake_args=None, catkin_cmake_args=None, catkin_skip_building_tests=False, mixin_files=None, mixin=None, verb_parser=<colcon_mixin.mixin.mixin_argument.MixinArgumentDecorator object at 0x7b0af4a26620>, verb_extension=<colcon_core.verb.build.BuildVerb object at 0x7b0af4b26bc0>, main=<bound method BuildVerb.main of <colcon_core.verb.build.BuildVerb object at 0x7b0af4b26bc0>>, mixin_verb=('build',))
[0.336s] Level 1:colcon.colcon_core.package_discovery:discover_packages(colcon_meta) check parameters
[0.336s] Level 1:colcon.colcon_core.package_discovery:discover_packages(recursive) check parameters
[0.336s] Level 1:colcon.colcon_core.package_discovery:discover_packages(ignore) check parameters
[0.336s] Level 1:colcon.colcon_core.package_discovery:discover_packages(path) check parameters
[0.336s] Level 1:colcon.colcon_core.package_discovery:discover_packages(colcon_meta) discover
[0.336s] Level 1:colcon.colcon_core.package_discovery:discover_packages(recursive) discover
[0.336s] INFO:colcon.colcon_core.package_discovery:Crawling recursively for packages in '/home/nidhood/Desktop/SWARN_PROJECT'
[0.336s] Level 1:colcon.colcon_core.package_identification:_identify(.) by extensions ['ignore', 'ignore_ament_install']
[0.337s] Level 1:colcon.colcon_core.package_identification:_identify(.) by extension 'ignore'
[0.337s] Level 1:colcon.colcon_core.package_identification:_identify(.) by extension 'ignore_ament_install'
[0.337s] Level 1:colcon.colcon_core.package_identification:_identify(.) by extensions ['colcon_pkg']
[0.337s] Level 1:colcon.colcon_core.package_identification:_identify(.) by extension 'colcon_pkg'
[0.337s] Level 1:colcon.colcon_core.package_identification:_identify(.) by extensions ['colcon_meta']
[0.337s] Level 1:colcon.colcon_core.package_identification:_identify(.) by extension 'colcon_meta'
[0.337s] Level 1:colcon.colcon_core.package_identification:_identify(.) by extensions ['ros']
[0.337s] Level 1:colcon.colcon_core.package_identification:_identify(.) by extension 'ros'
[0.351s] Level 1:colcon.colcon_core.package_identification:_identify(.) by extensions ['cmake', 'python']
[0.351s] Level 1:colcon.colcon_core.package_identification:_identify(.) by extension 'cmake'
[0.351s] Level 1:colcon.colcon_core.package_identification:_identify(.) by extension 'python'
[0.351s] Level 1:colcon.colcon_core.package_identification:_identify(.) by extensions ['python_setup_py']
[0.351s] Level 1:colcon.colcon_core.package_identification:_identify(.) by extension 'python_setup_py'
[0.351s] Level 1:colcon.colcon_core.package_identification:_identify(build) by extensions ['ignore', 'ignore_ament_install']
[0.351s] Level 1:colcon.colcon_core.package_identification:_identify(build) by extension 'ignore'
[0.352s] Level 1:colcon.colcon_core.package_identification:_identify(build) ignored
[0.352s] Level 1:colcon.colcon_core.package_identification:_identify(install) by extensions ['ignore', 'ignore_ament_install']
[0.352s] Level 1:colcon.colcon_core.package_identification:_identify(install) by extension 'ignore'
[0.352s] Level 1:colcon.colcon_core.package_identification:_identify(install) ignored
[0.352s] Level 1:colcon.colcon_core.package_identification:_identify(log) by extensions ['ignore', 'ignore_ament_install']
[0.352s] Level 1:colcon.colcon_core.package_identification:_identify(log) by extension 'ignore'
[0.352s] Level 1:colcon.colcon_core.package_identification:_identify(log) ignored
[0.352s] Level 1:colcon.colcon_core.package_identification:_identify(src) by extensions ['ignore', 'ignore_ament_install']
[0.352s] Level 1:colcon.colcon_core.package_identification:_identify(src) by extension 'ignore'
[0.352s] Level 1:colcon.colcon_core.package_identification:_identify(src) by extension 'ignore_ament_install'
[0.352s] Level 1:colcon.colcon_core.package_identification:_identify(src) by extensions ['colcon_pkg']
[0.352s] Level 1:colcon.colcon_core.package_identification:_identify(src) by extension 'colcon_pkg'
[0.352s] Level 1:colcon.colcon_core.package_identification:_identify(src) by extensions ['colcon_meta']
[0.352s] Level 1:colcon.colcon_core.package_identification:_identify(src) by extension 'colcon_meta'
[0.352s] Level 1:colcon.colcon_core.package_identification:_identify(src) by extensions ['ros']
[0.353s] Level 1:colcon.colcon_core.package_identification:_identify(src) by extension 'ros'
[0.353s] Level 1:colcon.colcon_core.package_identification:_identify(src) by extensions ['cmake', 'python']
[0.353s] Level 1:colcon.colcon_core.package_identification:_identify(src) by extension 'cmake'
[0.353s] Level 1:colcon.colcon_core.package_identification:_identify(src) by extension 'python'
[0.353s] Level 1:colcon.colcon_core.package_identification:_identify(src) by extensions ['python_setup_py']
[0.353s] Level 1:colcon.colcon_core.package_identification:_identify(src) by extension 'python_setup_py'
[0.353s] Level 1:colcon.colcon_core.package_identification:_identify(src/drone_controller) by extensions ['ignore', 'ignore_ament_install']
[0.353s] Level 1:colcon.colcon_core.package_identification:_identify(src/drone_controller) by extension 'ignore'
[0.353s] Level 1:colcon.colcon_core.package_identification:_identify(src/drone_controller) by extension 'ignore_ament_install'
[0.353s] Level 1:colcon.colcon_core.package_identification:_identify(src/drone_controller) by extensions ['colcon_pkg']
[0.353s] Level 1:colcon.colcon_core.package_identification:_identify(src/drone_controller) by extension 'colcon_pkg'
[0.353s] Level 1:colcon.colcon_core.package_identification:_identify(src/drone_controller) by extensions ['colcon_meta']
[0.353s] Level 1:colcon.colcon_core.package_identification:_identify(src/drone_controller) by extension 'colcon_meta'
[0.353s] Level 1:colcon.colcon_core.package_identification:_identify(src/drone_controller) by extensions ['ros']
[0.353s] Level 1:colcon.colcon_core.package_identification:_identify(src/drone_controller) by extension 'ros'
[0.356s] DEBUG:colcon.colcon_core.package_identification:Package 'src/drone_controller' with type 'ros.ament_cmake' and name 'drone_controller'
[0.356s] Level 1:colcon.colcon_core.package_identification:_identify(src/drone_model) by extensions ['ignore', 'ignore_ament_install']
[0.356s] Level 1:colcon.colcon_core.package_identification:_identify(src/drone_model) by extension 'ignore'
[0.356s] Level 1:colcon.colcon_core.package_identification:_identify(src/drone_model) by extension 'ignore_ament_install'
[0.356s] Level 1:colcon.colcon_core.package_identification:_identify(src/drone_model) by extensions ['colcon_pkg']
[0.356s] Level 1:colcon.colcon_core.package_identification:_identify(src/drone_model) by extension 'colcon_pkg'
[0.356s] Level 1:colcon.colcon_core.package_identification:_identify(src/drone_model) by extensions ['colcon_meta']
[0.356s] Level 1:colcon.colcon_core.package_identification:_identify(src/drone_model) by extension 'colcon_meta'
[0.357s] Level 1:colcon.colcon_core.package_identification:_identify(src/drone_model) by extensions ['ros']
[0.357s] Level 1:colcon.colcon_core.package_identification:_identify(src/drone_model) by extension 'ros'
[0.357s] DEBUG:colcon.colcon_core.package_identification:Package 'src/drone_model' with type 'ros.ament_cmake' and name 'drone_model'
[0.357s] Level 1:colcon.colcon_core.package_discovery:discover_packages(recursive) using defaults
[0.358s] Level 1:colcon.colcon_core.package_discovery:discover_packages(ignore) discover
[0.358s] Level 1:colcon.colcon_core.package_discovery:discover_packages(ignore) using defaults
[0.358s] Level 1:colcon.colcon_core.package_discovery:discover_packages(path) discover
[0.358s] Level 1:colcon.colcon_core.package_discovery:discover_packages(path) using defaults
[0.390s] Level 1:colcon.colcon_core.package_discovery:discover_packages(prefix_path) check parameters
[0.390s] Level 1:colcon.colcon_core.package_discovery:discover_packages(prefix_path) discover
[0.394s] DEBUG:colcon.colcon_installed_package_information.package_discovery:Found 291 installed packages in /opt/ros/humble
[0.395s] Level 1:colcon.colcon_core.package_discovery:discover_packages(prefix_path) using defaults
[0.439s] Level 5:colcon.colcon_core.verb:set package 'drone_controller' build argument 'cmake_args' from command line to 'None'
[0.439s] Level 5:colcon.colcon_core.verb:set package 'drone_controller' build argument 'cmake_target' from command line to 'None'
[0.439s] Level 5:colcon.colcon_core.verb:set package 'drone_controller' build argument 'cmake_target_skip_unavailable' from command line to 'False'
[0.439s] Level 5:colcon.colcon_core.verb:set package 'drone_controller' build argument 'cmake_clean_cache' from command line to 'False'
[0.439s] Level 5:colcon.colcon_core.verb:set package 'drone_controller' build argument 'cmake_clean_first' from command line to 'False'
[0.439s] Level 5:colcon.colcon_core.verb:set package 'drone_controller' build argument 'cmake_force_configure' from command line to 'False'
[0.439s] Level 5:colcon.colcon_core.verb:set package 'drone_controller' build argument 'ament_cmake_args' from command line to 'None'
[0.439s] Level 5:colcon.colcon_core.verb:set package 'drone_controller' build argument 'catkin_cmake_args' from command line to 'None'
[0.439s] Level 5:colcon.colcon_core.verb:set package 'drone_controller' build argument 'catkin_skip_building_tests' from command line to 'False'
[0.439s] DEBUG:colcon.colcon_core.verb:Building package 'drone_controller' with the following arguments: {'ament_cmake_args': None, 'build_base': '/home/nidhood/Desktop/SWARN_PROJECT/build/drone_controller', 'catkin_cmake_args': None, 'catkin_skip_building_tests': False, 'cmake_args': None, 'cmake_clean_cache': False, 'cmake_clean_first': False, 'cmake_force_configure': False, 'cmake_target': None, 'cmake_target_skip_unavailable': False, 'install_base': '/home/nidhood/Desktop/SWARN_PROJECT/install/drone_controller', 'merge_install': False, 'path': '/home/nidhood/Desktop/SWARN_PROJECT/src/drone_controller', 'symlink_install': False, 'test_result_base': None}
[0.440s] Level 5:colcon.colcon_core.verb:set package 'drone_model' build argument 'cmake_args' from command line to 'None'
[0.440s] Level 5:colcon.colcon_core.verb:set package 'drone_model' build argument 'cmake_target' from command line to 'None'
[0.440s] Level 5:colcon.colcon_core.verb:set package 'drone_model' build argument 'cmake_target_skip_unavailable' from command line to 'False'
[0.440s] Level 5:colcon.colcon_core.verb:set package 'drone_model' build argument 'cmake_clean_cache' from command line to 'False'
[0.440s] Level 5:colcon.colcon_core.verb:set package 'drone_model' build argument 'cmake_clean_first' from command line to 'False'
[0.440s] Level 5:colcon.colcon_core.verb:set package 'drone_model' build argument 'cmake_force_configure' from command line to 'False'
[0.440s] Level 5:colcon.colcon_core.verb:set package 'drone_model' build argument 'ament_cmake_args' from command line to 'None'
[0.440s] Level 5:colcon.colcon_core.verb:set package 'drone_model' build argument 'catkin_cmake_args' from command line to 'None'
[0.440s] Level 5:colcon.colcon_core.verb:set package 'drone_model' build argument 'catkin_skip_building_tests' from command line to 'False'
[0.440s] DEBUG:colcon.colcon_core.verb:Building package 'drone_model' with the following arguments: {'ament_cmake_args': None, 'build_base': '/home/nidhood/Desktop/SWARN_PROJECT/build/drone_model', 'catkin_cmake_args': None, 'catkin_skip_building_tests': False, 'cmake_args': None, 'cmake_clean_cache': False, 'cmake_clean_first': False, 'cmake_force_configure': False, 'cmake_target': None, 'cmake_target_skip_unavailable': False, 'install_base': '/home/nidhood/Desktop/SWARN_PROJECT/install/drone_model', 'merge_install': False, 'path': '/home/nidhood/Desktop/SWARN_PROJECT/src/drone_model', 'symlink_install': False, 'test_result_base': None}
[0.440s] INFO:colcon.colcon_core.executor:Executing jobs using 'parallel' executor
[0.442s] DEBUG:colcon.colcon_parallel_executor.executor.parallel:run_until_complete
[0.442s] INFO:colcon.colcon_ros.task.ament_cmake.build:Building ROS package in '/home/nidhood/Desktop/SWARN_PROJECT/src/drone_controller' with build type 'ament_cmake'
[0.442s] INFO:colcon.colcon_cmake.task.cmake.build:Building CMake package in '/home/nidhood/Desktop/SWARN_PROJECT/src/drone_controller'
[0.445s] INFO:colcon.colcon_core.plugin_system:Skipping extension 'colcon_core.shell.bat': Not used on non-Windows systems
[0.445s] INFO:colcon.colcon_core.shell:Skip shell extension 'powershell' for command environment: Not usable outside of PowerShell
[0.445s] DEBUG:colcon.colcon_core.shell:Skip shell extension 'dsv' for command environment
[0.448s] INFO:colcon.colcon_ros.task.ament_cmake.build:Building ROS package in '/home/nidhood/Desktop/SWARN_PROJECT/src/drone_model' with build type 'ament_cmake'
[0.449s] INFO:colcon.colcon_cmake.task.cmake.build:Building CMake package in '/home/nidhood/Desktop/SWARN_PROJECT/src/drone_model'
[0.449s] INFO:colcon.colcon_core.shell:Skip shell extension 'powershell' for command environment: Not usable outside of PowerShell
[0.449s] DEBUG:colcon.colcon_core.shell:Skip shell extension 'dsv' for command environment
[0.456s] DEBUG:colcon.colcon_core.event_handler.log_command:Invoking command in '/home/nidhood/Desktop/SWARN_PROJECT/build/drone_controller': CMAKE_PREFIX_PATH=/opt/ros/humble /usr/bin/cmake /home/nidhood/Desktop/SWARN_PROJECT/src/drone_controller -DCMAKE_INSTALL_PREFIX=/home/nidhood/Desktop/SWARN_PROJECT/install/drone_controller
[0.463s] DEBUG:colcon.colcon_core.event_handler.log_command:Invoking command in '/home/nidhood/Desktop/SWARN_PROJECT/build/drone_model': CMAKE_PREFIX_PATH=/opt/ros/humble /usr/bin/cmake /home/nidhood/Desktop/SWARN_PROJECT/src/drone_model -DCMAKE_INSTALL_PREFIX=/home/nidhood/Desktop/SWARN_PROJECT/install/drone_model
[1.306s] DEBUG:colcon.colcon_core.event_handler.log_command:Invoked command in '/home/nidhood/Desktop/SWARN_PROJECT/build/drone_model' returned '0': CMAKE_PREFIX_PATH=/opt/ros/humble /usr/bin/cmake /home/nidhood/Desktop/SWARN_PROJECT/src/drone_model -DCMAKE_INSTALL_PREFIX=/home/nidhood/Desktop/SWARN_PROJECT/install/drone_model
[1.309s] DEBUG:colcon.colcon_core.event_handler.log_command:Invoking command in '/home/nidhood/Desktop/SWARN_PROJECT/build/drone_model': CMAKE_PREFIX_PATH=/opt/ros/humble /usr/bin/cmake --build /home/nidhood/Desktop/SWARN_PROJECT/build/drone_model -- -j8 -l8
[1.356s] DEBUG:colcon.colcon_core.event_handler.log_command:Invoked command in '/home/nidhood/Desktop/SWARN_PROJECT/build/drone_model' returned '0': CMAKE_PREFIX_PATH=/opt/ros/humble /usr/bin/cmake --build /home/nidhood/Desktop/SWARN_PROJECT/build/drone_model -- -j8 -l8
[1.401s] DEBUG:colcon.colcon_core.event_handler.log_command:Invoking command in '/home/nidhood/Desktop/SWARN_PROJECT/build/drone_model': CMAKE_PREFIX_PATH=/opt/ros/humble /usr/bin/cmake --install /home/nidhood/Desktop/SWARN_PROJECT/build/drone_model
[1.432s] Level 1:colcon.colcon_core.environment:create_environment_scripts_only(drone_model)
[1.433s] DEBUG:colcon.colcon_core.event_handler.log_command:Invoked command in '/home/nidhood/Desktop/SWARN_PROJECT/build/drone_model' returned '0': CMAKE_PREFIX_PATH=/opt/ros/humble /usr/bin/cmake --install /home/nidhood/Desktop/SWARN_PROJECT/build/drone_model
[1.435s] Level 1:colcon.colcon_core.environment:checking '/home/nidhood/Desktop/SWARN_PROJECT/install/drone_model' for CMake module files
[1.436s] Level 1:colcon.colcon_core.environment:checking '/home/nidhood/Desktop/SWARN_PROJECT/install/drone_model' for CMake config files
[1.436s] Level 1:colcon.colcon_core.shell:create_environment_hook('drone_model', 'cmake_prefix_path')
[1.437s] INFO:colcon.colcon_core.shell:Creating environment hook '/home/nidhood/Desktop/SWARN_PROJECT/install/drone_model/share/drone_model/hook/cmake_prefix_path.ps1'
[1.437s] INFO:colcon.colcon_core.shell:Creating environment descriptor '/home/nidhood/Desktop/SWARN_PROJECT/install/drone_model/share/drone_model/hook/cmake_prefix_path.dsv'
[1.437s] INFO:colcon.colcon_core.shell:Creating environment hook '/home/nidhood/Desktop/SWARN_PROJECT/install/drone_model/share/drone_model/hook/cmake_prefix_path.sh'
[1.438s] Level 1:colcon.colcon_core.environment:checking '/home/nidhood/Desktop/SWARN_PROJECT/install/drone_model/bin'
[1.438s] Level 1:colcon.colcon_core.environment:checking '/home/nidhood/Desktop/SWARN_PROJECT/install/drone_model/lib/pkgconfig/drone_model.pc'
[1.439s] Level 1:colcon.colcon_core.environment:checking '/home/nidhood/Desktop/SWARN_PROJECT/install/drone_model/lib/python3.10/site-packages'
[1.439s] Level 1:colcon.colcon_core.environment:checking '/home/nidhood/Desktop/SWARN_PROJECT/install/drone_model/bin'
[1.439s] INFO:colcon.colcon_core.shell:Creating package script '/home/nidhood/Desktop/SWARN_PROJECT/install/drone_model/share/drone_model/package.ps1'
[1.440s] INFO:colcon.colcon_core.shell:Creating package descriptor '/home/nidhood/Desktop/SWARN_PROJECT/install/drone_model/share/drone_model/package.dsv'
[1.440s] INFO:colcon.colcon_core.shell:Creating package script '/home/nidhood/Desktop/SWARN_PROJECT/install/drone_model/share/drone_model/package.sh'
[1.441s] INFO:colcon.colcon_core.shell:Creating package script '/home/nidhood/Desktop/SWARN_PROJECT/install/drone_model/share/drone_model/package.bash'
[1.442s] INFO:colcon.colcon_core.shell:Creating package script '/home/nidhood/Desktop/SWARN_PROJECT/install/drone_model/share/drone_model/package.zsh'
[1.443s] Level 1:colcon.colcon_core.environment:create_file_with_runtime_dependencies(/home/nidhood/Desktop/SWARN_PROJECT/install/drone_model/share/colcon-core/packages/drone_model)
[1.472s] Level 1:colcon.colcon_core.environment:create_environment_scripts_only(drone_model)
[1.472s] Level 1:colcon.colcon_core.environment:checking '/home/nidhood/Desktop/SWARN_PROJECT/install/drone_model' for CMake module files
[1.473s] Level 1:colcon.colcon_core.environment:checking '/home/nidhood/Desktop/SWARN_PROJECT/install/drone_model' for CMake config files
[1.473s] Level 1:colcon.colcon_core.shell:create_environment_hook('drone_model', 'cmake_prefix_path')
[1.473s] INFO:colcon.colcon_core.shell:Creating environment hook '/home/nidhood/Desktop/SWARN_PROJECT/install/drone_model/share/drone_model/hook/cmake_prefix_path.ps1'
[1.474s] INFO:colcon.colcon_core.shell:Creating environment descriptor '/home/nidhood/Desktop/SWARN_PROJECT/install/drone_model/share/drone_model/hook/cmake_prefix_path.dsv'
[1.474s] INFO:colcon.colcon_core.shell:Creating environment hook '/home/nidhood/Desktop/SWARN_PROJECT/install/drone_model/share/drone_model/hook/cmake_prefix_path.sh'
[1.475s] Level 1:colcon.colcon_core.environment:checking '/home/nidhood/Desktop/SWARN_PROJECT/install/drone_model/bin'
[1.475s] Level 1:colcon.colcon_core.environment:checking '/home/nidhood/Desktop/SWARN_PROJECT/install/drone_model/lib/pkgconfig/drone_model.pc'
[1.475s] Level 1:colcon.colcon_core.environment:checking '/home/nidhood/Desktop/SWARN_PROJECT/install/drone_model/lib/python3.10/site-packages'
[1.476s] Level 1:colcon.colcon_core.environment:checking '/home/nidhood/Desktop/SWARN_PROJECT/install/drone_model/bin'
[1.476s] INFO:colcon.colcon_core.shell:Creating package script '/home/nidhood/Desktop/SWARN_PROJECT/install/drone_model/share/drone_model/package.ps1'
[1.477s] INFO:colcon.colcon_core.shell:Creating package descriptor '/home/nidhood/Desktop/SWARN_PROJECT/install/drone_model/share/drone_model/package.dsv'
[1.477s] INFO:colcon.colcon_core.shell:Creating package script '/home/nidhood/Desktop/SWARN_PROJECT/install/drone_model/share/drone_model/package.sh'
[1.478s] INFO:colcon.colcon_core.shell:Creating package script '/home/nidhood/Desktop/SWARN_PROJECT/install/drone_model/share/drone_model/package.bash'
[1.478s] INFO:colcon.colcon_core.shell:Creating package script '/home/nidhood/Desktop/SWARN_PROJECT/install/drone_model/share/drone_model/package.zsh'
[1.478s] Level 1:colcon.colcon_core.environment:create_file_with_runtime_dependencies(/home/nidhood/Desktop/SWARN_PROJECT/install/drone_model/share/colcon-core/packages/drone_model)
[2.113s] DEBUG:colcon.colcon_core.event_handler.log_command:Invoked command in '/home/nidhood/Desktop/SWARN_PROJECT/build/drone_controller' returned '0': CMAKE_PREFIX_PATH=/opt/ros/humble /usr/bin/cmake /home/nidhood/Desktop/SWARN_PROJECT/src/drone_controller -DCMAKE_INSTALL_PREFIX=/home/nidhood/Desktop/SWARN_PROJECT/install/drone_controller
[2.115s] DEBUG:colcon.colcon_core.event_handler.log_command:Invoking command in '/home/nidhood/Desktop/SWARN_PROJECT/build/drone_controller': CMAKE_PREFIX_PATH=/opt/ros/humble /usr/bin/cmake --build /home/nidhood/Desktop/SWARN_PROJECT/build/drone_controller -- -j8 -l8
[2.161s] DEBUG:colcon.colcon_core.event_handler.log_command:Invoked command in '/home/nidhood/Desktop/SWARN_PROJECT/build/drone_controller' returned '0': CMAKE_PREFIX_PATH=/opt/ros/humble /usr/bin/cmake --build /home/nidhood/Desktop/SWARN_PROJECT/build/drone_controller -- -j8 -l8
[2.190s] DEBUG:colcon.colcon_core.event_handler.log_command:Invoking command in '/home/nidhood/Desktop/SWARN_PROJECT/build/drone_controller': CMAKE_PREFIX_PATH=/opt/ros/humble /usr/bin/cmake --install /home/nidhood/Desktop/SWARN_PROJECT/build/drone_controller
[2.203s] Level 1:colcon.colcon_core.environment:create_environment_scripts_only(drone_controller)
[2.204s] Level 1:colcon.colcon_core.environment:checking '/home/nidhood/Desktop/SWARN_PROJECT/install/drone_controller' for CMake module files
[2.204s] DEBUG:colcon.colcon_core.event_handler.log_command:Invoked command in '/home/nidhood/Desktop/SWARN_PROJECT/build/drone_controller' returned '0': CMAKE_PREFIX_PATH=/opt/ros/humble /usr/bin/cmake --install /home/nidhood/Desktop/SWARN_PROJECT/build/drone_controller
[2.204s] Level 1:colcon.colcon_core.environment:checking '/home/nidhood/Desktop/SWARN_PROJECT/install/drone_controller' for CMake config files
[2.204s] Level 1:colcon.colcon_core.shell:create_environment_hook('drone_controller', 'cmake_prefix_path')
[2.205s] INFO:colcon.colcon_core.shell:Creating environment hook '/home/nidhood/Desktop/SWARN_PROJECT/install/drone_controller/share/drone_controller/hook/cmake_prefix_path.ps1'
[2.205s] INFO:colcon.colcon_core.shell:Creating environment descriptor '/home/nidhood/Desktop/SWARN_PROJECT/install/drone_controller/share/drone_controller/hook/cmake_prefix_path.dsv'
[2.205s] INFO:colcon.colcon_core.shell:Creating environment hook '/home/nidhood/Desktop/SWARN_PROJECT/install/drone_controller/share/drone_controller/hook/cmake_prefix_path.sh'
[2.206s] Level 1:colcon.colcon_core.environment:checking '/home/nidhood/Desktop/SWARN_PROJECT/install/drone_controller/bin'
[2.206s] Level 1:colcon.colcon_core.environment:checking '/home/nidhood/Desktop/SWARN_PROJECT/install/drone_controller/lib/pkgconfig/drone_controller.pc'
[2.206s] Level 1:colcon.colcon_core.environment:checking '/home/nidhood/Desktop/SWARN_PROJECT/install/drone_controller/lib/python3.10/site-packages'
[2.207s] Level 1:colcon.colcon_core.environment:checking '/home/nidhood/Desktop/SWARN_PROJECT/install/drone_controller/bin'
[2.207s] INFO:colcon.colcon_core.shell:Creating package script '/home/nidhood/Desktop/SWARN_PROJECT/install/drone_controller/share/drone_controller/package.ps1'
[2.207s] INFO:colcon.colcon_core.shell:Creating package descriptor '/home/nidhood/Desktop/SWARN_PROJECT/install/drone_controller/share/drone_controller/package.dsv'
[2.208s] INFO:colcon.colcon_core.shell:Creating package script '/home/nidhood/Desktop/SWARN_PROJECT/install/drone_controller/share/drone_controller/package.sh'
[2.208s] INFO:colcon.colcon_core.shell:Creating package script '/home/nidhood/Desktop/SWARN_PROJECT/install/drone_controller/share/drone_controller/package.bash'
[2.208s] INFO:colcon.colcon_core.shell:Creating package script '/home/nidhood/Desktop/SWARN_PROJECT/install/drone_controller/share/drone_controller/package.zsh'
[2.209s] Level 1:colcon.colcon_core.environment:create_file_with_runtime_dependencies(/home/nidhood/Desktop/SWARN_PROJECT/install/drone_controller/share/colcon-core/packages/drone_controller)
[2.236s] Level 1:colcon.colcon_core.environment:create_environment_scripts_only(drone_controller)
[2.236s] Level 1:colcon.colcon_core.environment:checking '/home/nidhood/Desktop/SWARN_PROJECT/install/drone_controller' for CMake module files
[2.237s] Level 1:colcon.colcon_core.environment:checking '/home/nidhood/Desktop/SWARN_PROJECT/install/drone_controller' for CMake config files
[2.237s] Level 1:colcon.colcon_core.shell:create_environment_hook('drone_controller', 'cmake_prefix_path')
[2.237s] INFO:colcon.colcon_core.shell:Creating environment hook '/home/nidhood/Desktop/SWARN_PROJECT/install/drone_controller/share/drone_controller/hook/cmake_prefix_path.ps1'
[2.238s] INFO:colcon.colcon_core.shell:Creating environment descriptor '/home/nidhood/Desktop/SWARN_PROJECT/install/drone_controller/share/drone_controller/hook/cmake_prefix_path.dsv'
[2.238s] INFO:colcon.colcon_core.shell:Creating environment hook '/home/nidhood/Desktop/SWARN_PROJECT/install/drone_controller/share/drone_controller/hook/cmake_prefix_path.sh'
[2.239s] Level 1:colcon.colcon_core.environment:checking '/home/nidhood/Desktop/SWARN_PROJECT/install/drone_controller/bin'
[2.239s] Level 1:colcon.colcon_core.environment:checking '/home/nidhood/Desktop/SWARN_PROJECT/install/drone_controller/lib/pkgconfig/drone_controller.pc'
[2.239s] Level 1:colcon.colcon_core.environment:checking '/home/nidhood/Desktop/SWARN_PROJECT/install/drone_controller/lib/python3.10/site-packages'
[2.239s] Level 1:colcon.colcon_core.environment:checking '/home/nidhood/Desktop/SWARN_PROJECT/install/drone_controller/bin'
[2.239s] INFO:colcon.colcon_core.shell:Creating package script '/home/nidhood/Desktop/SWARN_PROJECT/install/drone_controller/share/drone_controller/package.ps1'
[2.240s] INFO:colcon.colcon_core.shell:Creating package descriptor '/home/nidhood/Desktop/SWARN_PROJECT/install/drone_controller/share/drone_controller/package.dsv'
[2.240s] INFO:colcon.colcon_core.shell:Creating package script '/home/nidhood/Desktop/SWARN_PROJECT/install/drone_controller/share/drone_controller/package.sh'
[2.241s] INFO:colcon.colcon_core.shell:Creating package script '/home/nidhood/Desktop/SWARN_PROJECT/install/drone_controller/share/drone_controller/package.bash'
[2.241s] INFO:colcon.colcon_core.shell:Creating package script '/home/nidhood/Desktop/SWARN_PROJECT/install/drone_controller/share/drone_controller/package.zsh'
[2.242s] Level 1:colcon.colcon_core.environment:create_file_with_runtime_dependencies(/home/nidhood/Desktop/SWARN_PROJECT/install/drone_controller/share/colcon-core/packages/drone_controller)
[2.242s] DEBUG:colcon.colcon_parallel_executor.executor.parallel:closing loop
[2.242s] DEBUG:colcon.colcon_parallel_executor.executor.parallel:loop closed
[2.242s] DEBUG:colcon.colcon_parallel_executor.executor.parallel:run_until_complete finished with '0'
[2.242s] DEBUG:colcon.colcon_core.event_reactor:joining thread
[2.248s] INFO:colcon.colcon_core.plugin_system:Skipping extension 'colcon_notification.desktop_notification.terminal_notifier': Not used on non-Darwin systems
[2.248s] INFO:colcon.colcon_core.plugin_system:Skipping extension 'colcon_notification.desktop_notification.win32': Not used on non-Windows systems
[2.248s] INFO:colcon.colcon_notification.desktop_notification:Sending desktop notification using 'notify2'
[2.260s] DEBUG:colcon.colcon_core.event_reactor:joined thread
[2.261s] INFO:colcon.colcon_core.shell:Creating prefix script '/home/nidhood/Desktop/SWARN_PROJECT/install/local_setup.ps1'
[2.262s] INFO:colcon.colcon_core.shell:Creating prefix util module '/home/nidhood/Desktop/SWARN_PROJECT/install/_local_setup_util_ps1.py'
[2.263s] INFO:colcon.colcon_core.shell:Creating prefix chain script '/home/nidhood/Desktop/SWARN_PROJECT/install/setup.ps1'
[2.264s] INFO:colcon.colcon_core.shell:Creating prefix script '/home/nidhood/Desktop/SWARN_PROJECT/install/local_setup.sh'
[2.265s] INFO:colcon.colcon_core.shell:Creating prefix util module '/home/nidhood/Desktop/SWARN_PROJECT/install/_local_setup_util_sh.py'
[2.265s] INFO:colcon.colcon_core.shell:Creating prefix chain script '/home/nidhood/Desktop/SWARN_PROJECT/install/setup.sh'
[2.266s] INFO:colcon.colcon_core.shell:Creating prefix script '/home/nidhood/Desktop/SWARN_PROJECT/install/local_setup.bash'
[2.267s] INFO:colcon.colcon_core.shell:Creating prefix chain script '/home/nidhood/Desktop/SWARN_PROJECT/install/setup.bash'
[2.268s] INFO:colcon.colcon_core.shell:Creating prefix script '/home/nidhood/Desktop/SWARN_PROJECT/install/local_setup.zsh'
[2.268s] INFO:colcon.colcon_core.shell:Creating prefix chain script '/home/nidhood/Desktop/SWARN_PROJECT/install/setup.zsh'
