-- Install configuration: ""
-- Up-to-date: /home/nidhood/Desktop/SWARN_PROJECT/install/drone_model/share/drone_model//launch
-- Up-to-date: /home/nidhood/Desktop/SWARN_PROJECT/install/drone_model/share/drone_model//launch/display.launch.py
-- Up-to-date: /home/nidhood/Desktop/SWARN_PROJECT/install/drone_model/share/drone_model//launch/gazebo.launch.py
-- Up-to-date: /home/nidhood/Desktop/SWARN_PROJECT/install/drone_model/share/drone_model//rviz
-- Up-to-date: /home/nidhood/Desktop/SWARN_PROJECT/install/drone_model/share/drone_model//rviz/drone_model.rviz
-- Up-to-date: /home/nidhood/Desktop/SWARN_PROJECT/install/drone_model/share/drone_model//urdf
-- Up-to-date: /home/nidhood/Desktop/SWARN_PROJECT/install/drone_model/share/drone_model//urdf/drone_model.xacro
-- Up-to-date: /home/nidhood/Desktop/SWARN_PROJECT/install/drone_model/share/drone_model//urdf/drone_model.urdf
-- Up-to-date: /home/nidhood/Desktop/SWARN_PROJECT/install/drone_model/share/drone_model//meshes
-- Up-to-date: /home/nidhood/Desktop/SWARN_PROJECT/install/drone_model/share/drone_model//meshes/visuals
-- Up-to-date: /home/nidhood/Desktop/SWARN_PROJECT/install/drone_model/share/drone_model//meshes/visuals/prop_forwards_left_link.dae
-- Up-to-date: /home/nidhood/Desktop/SWARN_PROJECT/install/drone_model/share/drone_model//meshes/visuals/prop_backwards_right_link.dae
-- Up-to-date: /home/nidhood/Desktop/SWARN_PROJECT/install/drone_model/share/drone_model//meshes/visuals/prop_backwards_left_link.dae
-- Up-to-date: /home/nidhood/Desktop/SWARN_PROJECT/install/drone_model/share/drone_model//meshes/visuals/base_link.dae
-- Up-to-date: /home/nidhood/Desktop/SWARN_PROJECT/install/drone_model/share/drone_model//meshes/visuals/prop_forwards_right_link.dae
-- Up-to-date: /home/nidhood/Desktop/SWARN_PROJECT/install/drone_model/share/drone_model//meshes/collisions
-- Up-to-date: /home/nidhood/Desktop/SWARN_PROJECT/install/drone_model/share/drone_model//meshes/collisions/prop_forwards_right_link.stl
-- Up-to-date: /home/nidhood/Desktop/SWARN_PROJECT/install/drone_model/share/drone_model//meshes/collisions/prop_forwards_left_link.stl
-- Up-to-date: /home/nidhood/Desktop/SWARN_PROJECT/install/drone_model/share/drone_model//meshes/collisions/prop_backwards_left_link.stl
-- Up-to-date: /home/nidhood/Desktop/SWARN_PROJECT/install/drone_model/share/drone_model//meshes/collisions/prop_backwards_right_link.stl
-- Up-to-date: /home/nidhood/Desktop/SWARN_PROJECT/install/drone_model/share/drone_model//meshes/collisions/base_link.stl
-- Up-to-date: /home/nidhood/Desktop/SWARN_PROJECT/install/drone_model/share/drone_model//worlds
-- Up-to-date: /home/nidhood/Desktop/SWARN_PROJECT/install/drone_model/share/drone_model//worlds/empty_world.world
-- Up-to-date: /home/nidhood/Desktop/SWARN_PROJECT/install/drone_model/share/ament_index/resource_index/package_run_dependencies/drone_model
-- Up-to-date: /home/nidhood/Desktop/SWARN_PROJECT/install/drone_model/share/ament_index/resource_index/parent_prefix_path/drone_model
-- Up-to-date: /home/nidhood/Desktop/SWARN_PROJECT/install/drone_model/share/drone_model/environment/ament_prefix_path.sh
-- Up-to-date: /home/nidhood/Desktop/SWARN_PROJECT/install/drone_model/share/drone_model/environment/ament_prefix_path.dsv
-- Up-to-date: /home/nidhood/Desktop/SWARN_PROJECT/install/drone_model/share/drone_model/environment/path.sh
-- Up-to-date: /home/nidhood/Desktop/SWARN_PROJECT/install/drone_model/share/drone_model/environment/path.dsv
-- Up-to-date: /home/nidhood/Desktop/SWARN_PROJECT/install/drone_model/share/drone_model/local_setup.bash
-- Up-to-date: /home/nidhood/Desktop/SWARN_PROJECT/install/drone_model/share/drone_model/local_setup.sh
-- Up-to-date: /home/nidhood/Desktop/SWARN_PROJECT/install/drone_model/share/drone_model/local_setup.zsh
-- Up-to-date: /home/nidhood/Desktop/SWARN_PROJECT/install/drone_model/share/drone_model/local_setup.dsv
-- Up-to-date: /home/nidhood/Desktop/SWARN_PROJECT/install/drone_model/share/drone_model/package.dsv
-- Up-to-date: /home/nidhood/Desktop/SWARN_PROJECT/install/drone_model/share/ament_index/resource_index/packages/drone_model
-- Up-to-date: /home/nidhood/Desktop/SWARN_PROJECT/install/drone_model/share/drone_model/cmake/drone_modelConfig.cmake
-- Up-to-date: /home/nidhood/Desktop/SWARN_PROJECT/install/drone_model/share/drone_model/cmake/drone_modelConfig-version.cmake
-- Up-to-date: /home/nidhood/Desktop/SWARN_PROJECT/install/drone_model/share/drone_model/package.xml
