[0.017s] Invoking command in '/home/nidhood/Desktop/SWARN_PROJECT/build/drone_model': CMAKE_PREFIX_PATH=/opt/ros/humble /usr/bin/cmake --build /home/nidhood/Desktop/SWARN_PROJECT/build/drone_model -- -j8 -l8
[0.065s] Invoked command in '/home/nidhood/Desktop/SWARN_PROJECT/build/drone_model' returned '0': CMAKE_PREFIX_PATH=/opt/ros/humble /usr/bin/cmake --build /home/nidhood/Desktop/SWARN_PROJECT/build/drone_model -- -j8 -l8
[0.108s] Invoking command in '/home/nidhood/Desktop/SWARN_PROJECT/build/drone_model': CMAKE_PREFIX_PATH=/opt/ros/humble /usr/bin/cmake --install /home/nidhood/Desktop/SWARN_PROJECT/build/drone_model
[0.118s] -- Install configuration: ""
[0.118s] -- Up-to-date: /home/nidhood/Desktop/SWARN_PROJECT/install/drone_model/share/drone_model//launch
[0.119s] -- Up-to-date: /home/nidhood/Desktop/SWARN_PROJECT/install/drone_model/share/drone_model//launch/display.launch.py
[0.120s] -- Up-to-date: /home/nidhood/Desktop/SWARN_PROJECT/install/drone_model/share/drone_model//launch/gazebo.launch.py
[0.120s] -- Up-to-date: /home/nidhood/Desktop/SWARN_PROJECT/install/drone_model/share/drone_model//rviz
[0.121s] -- Up-to-date: /home/nidhood/Desktop/SWARN_PROJECT/install/drone_model/share/drone_model//rviz/drone_model.rviz
[0.121s] -- Up-to-date: /home/nidhood/Desktop/SWARN_PROJECT/install/drone_model/share/drone_model//urdf
[0.121s] -- Up-to-date: /home/nidhood/Desktop/SWARN_PROJECT/install/drone_model/share/drone_model//urdf/drone_model.xacro
[0.122s] -- Up-to-date: /home/nidhood/Desktop/SWARN_PROJECT/install/drone_model/share/drone_model//urdf/drone_model.urdf
[0.122s] -- Up-to-date: /home/nidhood/Desktop/SWARN_PROJECT/install/drone_model/share/drone_model//meshes
[0.122s] -- Up-to-date: /home/nidhood/Desktop/SWARN_PROJECT/install/drone_model/share/drone_model//meshes/visuals
[0.122s] -- Up-to-date: /home/nidhood/Desktop/SWARN_PROJECT/install/drone_model/share/drone_model//meshes/visuals/prop_forwards_left_link.dae
[0.122s] -- Up-to-date: /home/nidhood/Desktop/SWARN_PROJECT/install/drone_model/share/drone_model//meshes/visuals/prop_backwards_right_link.dae
[0.122s] -- Up-to-date: /home/nidhood/Desktop/SWARN_PROJECT/install/drone_model/share/drone_model//meshes/visuals/prop_backwards_left_link.dae
[0.122s] -- Up-to-date: /home/nidhood/Desktop/SWARN_PROJECT/install/drone_model/share/drone_model//meshes/visuals/base_link.dae
[0.123s] -- Up-to-date: /home/nidhood/Desktop/SWARN_PROJECT/install/drone_model/share/drone_model//meshes/visuals/prop_forwards_right_link.dae
[0.123s] -- Up-to-date: /home/nidhood/Desktop/SWARN_PROJECT/install/drone_model/share/drone_model//meshes/collisions
[0.123s] -- Up-to-date: /home/nidhood/Desktop/SWARN_PROJECT/install/drone_model/share/drone_model//meshes/collisions/prop_forwards_right_link.stl
[0.123s] -- Up-to-date: /home/nidhood/Desktop/SWARN_PROJECT/install/drone_model/share/drone_model//meshes/collisions/prop_forwards_left_link.stl
[0.123s] -- Up-to-date: /home/nidhood/Desktop/SWARN_PROJECT/install/drone_model/share/drone_model//meshes/collisions/prop_backwards_left_link.stl
[0.123s] -- Up-to-date: /home/nidhood/Desktop/SWARN_PROJECT/install/drone_model/share/drone_model//meshes/collisions/prop_backwards_right_link.stl
[0.123s] -- Up-to-date: /home/nidhood/Desktop/SWARN_PROJECT/install/drone_model/share/drone_model//meshes/collisions/base_link.stl
[0.124s] -- Up-to-date: /home/nidhood/Desktop/SWARN_PROJECT/install/drone_model/share/drone_model//worlds
[0.124s] -- Up-to-date: /home/nidhood/Desktop/SWARN_PROJECT/install/drone_model/share/drone_model//worlds/empty_world.world
[0.124s] -- Up-to-date: /home/nidhood/Desktop/SWARN_PROJECT/install/drone_model/share/ament_index/resource_index/package_run_dependencies/drone_model
[0.124s] -- Up-to-date: /home/nidhood/Desktop/SWARN_PROJECT/install/drone_model/share/ament_index/resource_index/parent_prefix_path/drone_model
[0.124s] -- Up-to-date: /home/nidhood/Desktop/SWARN_PROJECT/install/drone_model/share/drone_model/environment/ament_prefix_path.sh
[0.124s] -- Up-to-date: /home/nidhood/Desktop/SWARN_PROJECT/install/drone_model/share/drone_model/environment/ament_prefix_path.dsv
[0.124s] -- Up-to-date: /home/nidhood/Desktop/SWARN_PROJECT/install/drone_model/share/drone_model/environment/path.sh
[0.125s] -- Up-to-date: /home/nidhood/Desktop/SWARN_PROJECT/install/drone_model/share/drone_model/environment/path.dsv
[0.125s] -- Up-to-date: /home/nidhood/Desktop/SWARN_PROJECT/install/drone_model/share/drone_model/local_setup.bash
[0.125s] -- Up-to-date: /home/nidhood/Desktop/SWARN_PROJECT/install/drone_model/share/drone_model/local_setup.sh
[0.125s] -- Up-to-date: /home/nidhood/Desktop/SWARN_PROJECT/install/drone_model/share/drone_model/local_setup.zsh
[0.125s] -- Up-to-date: /home/nidhood/Desktop/SWARN_PROJECT/install/drone_model/share/drone_model/local_setup.dsv
[0.125s] -- Up-to-date: /home/nidhood/Desktop/SWARN_PROJECT/install/drone_model/share/drone_model/package.dsv
[0.125s] -- Up-to-date: /home/nidhood/Desktop/SWARN_PROJECT/install/drone_model/share/ament_index/resource_index/packages/drone_model
[0.125s] -- Up-to-date: /home/nidhood/Desktop/SWARN_PROJECT/install/drone_model/share/drone_model/cmake/drone_modelConfig.cmake
[0.126s] -- Up-to-date: /home/nidhood/Desktop/SWARN_PROJECT/install/drone_model/share/drone_model/cmake/drone_modelConfig-version.cmake
[0.126s] -- Up-to-date: /home/nidhood/Desktop/SWARN_PROJECT/install/drone_model/share/drone_model/package.xml
[0.142s] Invoked command in '/home/nidhood/Desktop/SWARN_PROJECT/build/drone_model' returned '0': CMAKE_PREFIX_PATH=/opt/ros/humble /usr/bin/cmake --install /home/nidhood/Desktop/SWARN_PROJECT/build/drone_model
