[0.017s] Invoking command in '/home/nidhood/Desktop/SWARN_PROJECT/build/drone_controller': CMAKE_PREFIX_PATH=/opt/ros/humble /usr/bin/cmake --build /home/nidhood/Desktop/SWARN_PROJECT/build/drone_controller -- -j8 -l8
[0.069s] Invoked command in '/home/nidhood/Desktop/SWARN_PROJECT/build/drone_controller' returned '0': CMAKE_PREFIX_PATH=/opt/ros/humble /usr/bin/cmake --build /home/nidhood/Desktop/SWARN_PROJECT/build/drone_controller -- -j8 -l8
[0.110s] Invoking command in '/home/nidhood/Desktop/SWARN_PROJECT/build/drone_controller': CMAKE_PREFIX_PATH=/opt/ros/humble /usr/bin/cmake --install /home/nidhood/Desktop/SWARN_PROJECT/build/drone_controller
[0.120s] -- Install configuration: ""
[0.120s] -- Up-to-date: /home/nidhood/Desktop/SWARN_PROJECT/install/drone_controller/share/ament_index/resource_index/package_run_dependencies/drone_controller
[0.120s] -- Up-to-date: /home/nidhood/Desktop/SWARN_PROJECT/install/drone_controller/share/ament_index/resource_index/parent_prefix_path/drone_controller
[0.120s] -- Up-to-date: /home/nidhood/Desktop/SWARN_PROJECT/install/drone_controller/share/drone_controller/environment/ament_prefix_path.sh
[0.120s] -- Up-to-date: /home/nidhood/Desktop/SWARN_PROJECT/install/drone_controller/share/drone_controller/environment/ament_prefix_path.dsv
[0.121s] -- Up-to-date: /home/nidhood/Desktop/SWARN_PROJECT/install/drone_controller/share/drone_controller/environment/path.sh
[0.121s] -- Up-to-date: /home/nidhood/Desktop/SWARN_PROJECT/install/drone_controller/share/drone_controller/environment/path.dsv
[0.121s] -- Up-to-date: /home/nidhood/Desktop/SWARN_PROJECT/install/drone_controller/share/drone_controller/local_setup.bash
[0.121s] -- Up-to-date: /home/nidhood/Desktop/SWARN_PROJECT/install/drone_controller/share/drone_controller/local_setup.sh
[0.121s] -- Up-to-date: /home/nidhood/Desktop/SWARN_PROJECT/install/drone_controller/share/drone_controller/local_setup.zsh
[0.121s] -- Up-to-date: /home/nidhood/Desktop/SWARN_PROJECT/install/drone_controller/share/drone_controller/local_setup.dsv
[0.121s] -- Up-to-date: /home/nidhood/Desktop/SWARN_PROJECT/install/drone_controller/share/drone_controller/package.dsv
[0.122s] -- Up-to-date: /home/nidhood/Desktop/SWARN_PROJECT/install/drone_controller/share/ament_index/resource_index/packages/drone_controller
[0.122s] -- Up-to-date: /home/nidhood/Desktop/SWARN_PROJECT/install/drone_controller/share/drone_controller/cmake/drone_controllerConfig.cmake
[0.122s] -- Up-to-date: /home/nidhood/Desktop/SWARN_PROJECT/install/drone_controller/share/drone_controller/cmake/drone_controllerConfig-version.cmake
[0.122s] -- Up-to-date: /home/nidhood/Desktop/SWARN_PROJECT/install/drone_controller/share/drone_controller/package.xml
[0.124s] Invoked command in '/home/nidhood/Desktop/SWARN_PROJECT/build/drone_controller' returned '0': CMAKE_PREFIX_PATH=/opt/ros/humble /usr/bin/cmake --install /home/nidhood/Desktop/SWARN_PROJECT/build/drone_controller
